<?xml version="1.0" encoding="UTF-8"?>
<!-- Generated by org.testng.reporters.JUnitXMLReporter -->
<testsuite ignored="0" hostname="DESKTOP-CMS2696" failures="0" tests="8" name="Login Test Cases" time="137.6" errors="0" timestamp="2022-08-26T18:27:33 IST">
  <testcase classname="com.cira.testcases.authentication.loginTestCases" name="ValidInputLoginTest" time="24.413"/>
  <testcase classname="com.cira.testcases.authentication.loginTestCases" name="ValidInputLoginTestWithEnterKey" time="18.482"/>
  <testcase classname="com.cira.testcases.authentication.loginTestCases" name="clickBrowserBackTest" time="30.003"/>
  <testcase classname="com.cira.testcases.authentication.loginTestCases" name="InvalidUserValidPassword" time="5.461"/>
  <testcase classname="com.cira.testcases.authentication.loginTestCases" name="validUserInvalidPassword" time="4.474"/>
  <testcase classname="com.cira.testcases.authentication.loginTestCases" name="InValidInputLoginTest" time="5.422"/>
  <testcase classname="com.cira.testcases.authentication.loginTestCases" name="ShowPasswordFunctionality" time="4.769"/>
  <testcase classname="com.cira.testcases.authentication.loginTestCases" name="LoginWithEmptyField" time="6.407"/>
</testsuite> <!-- Login Test Cases -->
